2024-05-07 21:44:33.752 [info] Log level: Info
2024-05-07 21:44:33.752 [info] Validating found git in: "git"
2024-05-07 21:44:33.752 [info] Using git "2.34.1" from "git"
2024-05-07 21:44:33.752 [info] > git rev-parse --show-toplevel [4ms]
2024-05-07 21:44:33.752 [info] fatal: not a git repository (or any of the parent directories): .git
2024-05-07 21:44:33.752 [info] > git rev-parse --show-toplevel [13ms]
2024-05-07 21:44:33.752 [info] fatal: not a git repository (or any of the parent directories): .git
2024-05-07 21:44:33.752 [info] > git rev-parse --show-toplevel [9ms]
2024-05-07 21:44:33.752 [info] fatal: not a git repository (or any of the parent directories): .git
2024-05-07 21:44:33.769 [info] > git rev-parse --show-toplevel [5ms]
2024-05-07 21:44:33.769 [info] fatal: not a git repository (or any of the parent directories): .git
2024-05-07 21:44:33.795 [info] > git rev-parse --show-toplevel [13ms]
2024-05-07 21:44:33.796 [info] fatal: not a git repository (or any of the parent directories): .git
2024-05-07 21:44:33.812 [info] > git rev-parse --show-toplevel [5ms]
2024-05-07 21:44:33.812 [info] fatal: not a git repository (or any of the parent directories): .git
2024-05-07 21:44:33.828 [info] > git rev-parse --show-toplevel [5ms]
2024-05-07 21:44:33.828 [info] fatal: not a git repository (or any of the parent directories): .git
2024-05-07 21:44:33.868 [info] > git rev-parse --show-toplevel [16ms]
2024-05-07 21:44:33.912 [info] > git rev-parse --git-dir --git-common-dir [2ms]
2024-05-07 21:44:33.957 [info] Open repository: /root/langflow-chat-host
2024-05-07 21:44:34.007 [info] > git config --get commit.template [23ms]
2024-05-07 21:44:34.010 [info] > git rev-parse --show-toplevel [5ms]
2024-05-07 21:44:34.010 [info] fatal: not a git repository (or any of the parent directories): .git
2024-05-07 21:44:34.040 [info] > git for-each-ref --format=%(refname)%00%(upstream:short)%00%(objectname)%00%(upstream:track)%00%(upstream:remotename)%00%(upstream:remoteref) refs/heads/main refs/remotes/main [16ms]
2024-05-07 21:44:34.052 [warning] ENOENT: no such file or directory, open '/root/langflow-chat-host/.git/refs/remotes/origin/main'
2024-05-07 21:44:34.053 [info] > git rev-parse --show-toplevel [16ms]
2024-05-07 21:44:34.053 [info] fatal: not a git repository (or any of the parent directories): .git
2024-05-07 21:44:34.067 [info] > git rev-parse refs/remotes/origin/main [15ms]
2024-05-07 21:44:34.101 [info] > git rev-parse --show-toplevel [32ms]
2024-05-07 21:44:34.101 [info] fatal: not a git repository (or any of the parent directories): .git
2024-05-07 21:44:34.113 [info] > git status -z -uall [18ms]
2024-05-07 21:44:34.158 [info] > git merge-base refs/heads/main refs/remotes/origin/main [30ms]
2024-05-07 21:44:34.171 [info] > git rev-parse --show-toplevel [58ms]
2024-05-07 21:44:34.184 [info] > git config --get commit.template [28ms]
2024-05-07 21:44:34.185 [info] > git rev-list --count --left-right refs/heads/main...refs/remotes/origin/main [15ms]
2024-05-07 21:44:34.211 [info] > git rev-parse --git-dir --git-common-dir [27ms]
2024-05-07 21:44:34.221 [info] Open repository: /root/vertexai
2024-05-07 21:44:34.260 [info] > git for-each-ref --format=%(refname)%00%(upstream:short)%00%(objectname)%00%(upstream:track)%00%(upstream:remotename)%00%(upstream:remoteref) refs/heads/main refs/remotes/main [50ms]
2024-05-07 21:44:34.260 [info] > git diff --name-status -z --diff-filter=ADMR 99ebc91483a37a75ad63f70d76e4d3ca9513269b...refs/remotes/origin/main [63ms]
2024-05-07 21:44:34.263 [info] > git config --get commit.template [4ms]
2024-05-07 21:44:34.279 [warning] ENOENT: no such file or directory, open '/root/langflow-chat-host/.git/refs/remotes/origin/main'
2024-05-07 21:44:34.304 [info] > git rev-parse refs/remotes/origin/main [25ms]
2024-05-07 21:44:34.329 [info] > git for-each-ref --format=%(refname)%00%(upstream:short)%00%(objectname)%00%(upstream:track)%00%(upstream:remotename)%00%(upstream:remoteref) refs/heads/main refs/remotes/main [26ms]
2024-05-07 21:44:34.351 [warning] ENOENT: no such file or directory, open '/root/vertexai/.git/refs/remotes/origin/main'
2024-05-07 21:44:34.352 [info] > git status -z -uall [26ms]
2024-05-07 21:44:34.358 [info] > git rev-parse refs/remotes/origin/main [6ms]
2024-05-07 21:44:34.378 [info] > git status -z -uall [3ms]
2024-05-07 21:44:34.439 [info] > git merge-base refs/heads/main refs/remotes/origin/main [24ms]
2024-05-07 21:44:34.454 [info] > git config --get commit.template [16ms]
2024-05-07 21:44:34.545 [info] > git rev-list --count --left-right refs/heads/main...refs/remotes/origin/main [93ms]
2024-05-07 21:44:34.555 [info] > git for-each-ref --format=%(refname)%00%(upstream:short)%00%(objectname)%00%(upstream:track)%00%(upstream:remotename)%00%(upstream:remoteref) refs/heads/main refs/remotes/main [13ms]
2024-05-07 21:44:34.564 [warning] ENOENT: no such file or directory, open '/root/vertexai/.git/refs/remotes/origin/main'
2024-05-07 21:44:34.565 [info] > git diff --name-status -z --diff-filter=ADMR 1e33f13c7dfdc160bef883a500c8ee1a8461edcc...refs/remotes/origin/main [12ms]
2024-05-07 21:44:34.567 [info] > git rev-parse refs/remotes/origin/main [3ms]
2024-05-07 21:44:34.578 [info] > git status -z -uall [3ms]
2024-05-07 21:44:34.767 [info] > git check-ignore -v -z --stdin [14ms]
2024-05-07 21:44:34.768 [info] > git check-ignore -v -z --stdin [5ms]
2024-05-07 21:45:10.845 [info] > git check-ignore -v -z --stdin [3ms]
2024-05-07 21:45:16.100 [info] > git check-ignore -v -z --stdin [1ms]
2024-05-07 21:49:10.741 [info] > git rev-parse --show-toplevel [1ms]
2024-05-07 21:49:10.741 [info] fatal: not a git repository (or any of the parent directories): .git
2024-05-07 21:49:12.463 [info] > git rev-parse --show-toplevel [2ms]
2024-05-07 21:49:12.463 [info] fatal: not a git repository (or any of the parent directories): .git
2024-05-07 21:49:13.464 [info] > git rev-parse --show-toplevel [1ms]
2024-05-07 21:49:13.464 [info] fatal: not a git repository (or any of the parent directories): .git
2024-05-07 21:49:14.274 [info] > git rev-parse --show-toplevel [2ms]
2024-05-07 21:49:14.274 [info] fatal: not a git repository (or any of the parent directories): .git
2024-05-07 21:52:41.253 [info] > git rev-parse --show-toplevel [1ms]
2024-05-07 21:52:41.253 [info] fatal: not a git repository (or any of the parent directories): .git
2024-05-07 22:00:32.510 [info] > git check-ignore -v -z --stdin [2ms]
2024-05-07 22:00:33.447 [info] > git show --textconv :public/index.html [16ms]
2024-05-07 22:00:33.467 [info] > git ls-files --stage -- /root/langflow-chat-host/public/index.html [21ms]
2024-05-07 22:00:33.483 [info] > git cat-file -s ef0a95af7b954ad9d53ecb3c629fe909050c096b [3ms]
2024-05-07 22:12:21.816 [info] > git rev-parse --show-toplevel [3ms]
2024-05-07 22:12:21.827 [info] > git rev-parse --git-dir --git-common-dir [2ms]
2024-05-07 22:12:21.841 [info] Open repository: /root
2024-05-07 22:12:21.867 [info] No remotes found in the git config file.
2024-05-07 22:12:21.868 [info] > git config --get commit.template [13ms]
2024-05-07 22:12:21.869 [info] > git for-each-ref --format=%(refname)%00%(upstream:short)%00%(objectname)%00%(upstream:track)%00%(upstream:remotename)%00%(upstream:remoteref) refs/heads/master refs/remotes/master [3ms]
2024-05-07 22:12:21.870 [warning] No such branch: master.
2024-05-07 22:12:22.460 [info] > git check-ignore -v -z --stdin [20ms]
2024-05-07 22:12:22.461 [info] > git check-ignore -v -z --stdin [12ms]
2024-05-07 22:12:22.462 [info] > git check-ignore -v -z --stdin [4ms]
2024-05-07 22:12:22.510 [info] > git status -z -uall [630ms] (cancelled)
2024-05-07 22:12:44.956 [info] > git config --get commit.template [20ms]
2024-05-07 22:12:44.971 [info] No remotes found in the git config file.
2024-05-07 22:12:44.973 [info] > git for-each-ref --format=%(refname)%00%(upstream:short)%00%(objectname)%00%(upstream:track)%00%(upstream:remotename)%00%(upstream:remoteref) refs/heads/master refs/remotes/master [2ms]
2024-05-07 22:12:44.973 [warning] No such branch: master.
2024-05-07 22:12:47.044 [info] > git status -z -uall [2055ms] (cancelled)
