0 verbose cli [ '/usr/bin/node', '/usr/bin/npm', 'install', 'express' ]
1 info using npm@8.5.1
2 info using node@v12.22.9
3 timing npm:load:whichnode Completed in 0ms
4 timing config:load:defaults Completed in 2ms
5 timing config:load:file:/usr/share/nodejs/npm/npmrc Completed in 4ms
6 timing config:load:builtin Completed in 4ms
7 timing config:load:cli Completed in 2ms
8 timing config:load:env Completed in 0ms
9 timing config:load:file:/root/langflow-chat-host/.npmrc Completed in 0ms
10 timing config:load:project Completed in 2ms
11 timing config:load:file:/root/.npmrc Completed in 0ms
12 timing config:load:user Completed in 0ms
13 timing config:load:file:/etc/npmrc Completed in 0ms
14 timing config:load:global Completed in 0ms
15 timing config:load:validate Completed in 1ms
16 timing config:load:credentials Completed in 5ms
17 timing config:load:setEnvs Completed in 1ms
18 timing config:load Completed in 18ms
19 timing npm:load:configload Completed in 19ms
20 timing npm:load:setTitle Completed in 1ms
21 timing config:load:flatten Completed in 3ms
22 timing npm:load:display Completed in 5ms
23 verbose logfile /root/.npm/_logs/2024-05-07T21_39_55_885Z-debug-0.log
24 timing npm:load:logFile Completed in 7ms
25 timing npm:load:timers Completed in 0ms
26 timing npm:load:configScope Completed in 0ms
27 timing npm:load Completed in 34ms
28 timing arborist:ctor Completed in 1ms
29 timing arborist:ctor Completed in 1ms
30 timing idealTree:init Completed in 19ms
31 timing idealTree:userRequests Completed in 2ms
32 silly idealTree buildDeps
33 silly fetch manifest express@^4.19.2
34 http fetch GET 200 https://registry.npmjs.org/express 178ms (cache miss)
35 silly placeDep ROOT express@4.19.2 OK for:  want: ^4.19.2
36 silly fetch manifest accepts@~1.3.8
37 silly fetch manifest array-flatten@1.1.1
38 silly fetch manifest body-parser@1.20.2
39 silly fetch manifest content-disposition@0.5.4
40 silly fetch manifest content-type@~1.0.4
41 silly fetch manifest cookie@0.6.0
42 silly fetch manifest cookie-signature@1.0.6
43 silly fetch manifest debug@2.6.9
44 silly fetch manifest depd@2.0.0
45 silly fetch manifest encodeurl@~1.0.2
46 silly fetch manifest escape-html@~1.0.3
47 silly fetch manifest etag@~1.8.1
48 silly fetch manifest finalhandler@1.2.0
49 silly fetch manifest fresh@0.5.2
50 silly fetch manifest http-errors@2.0.0
51 silly fetch manifest merge-descriptors@1.0.1
52 silly fetch manifest methods@~1.1.2
53 silly fetch manifest on-finished@2.4.1
54 silly fetch manifest parseurl@~1.3.3
55 silly fetch manifest path-to-regexp@0.1.7
56 silly fetch manifest proxy-addr@~2.0.7
57 silly fetch manifest qs@6.11.0
58 silly fetch manifest range-parser@~1.2.1
59 silly fetch manifest safe-buffer@5.2.1
60 silly fetch manifest send@0.18.0
61 silly fetch manifest serve-static@1.15.0
62 silly fetch manifest setprototypeof@1.2.0
63 silly fetch manifest statuses@2.0.1
64 silly fetch manifest type-is@~1.6.18
65 silly fetch manifest utils-merge@1.0.1
66 silly fetch manifest vary@~1.1.2
67 http fetch GET 200 https://registry.npmjs.org/accepts 142ms (cache miss)
68 http fetch GET 200 https://registry.npmjs.org/escape-html 294ms (cache miss)
69 http fetch GET 200 https://registry.npmjs.org/cookie-signature 311ms (cache miss)
70 http fetch GET 200 https://registry.npmjs.org/content-type 320ms (cache miss)
71 http fetch GET 200 https://registry.npmjs.org/fresh 309ms (cache miss)
72 http fetch GET 200 https://registry.npmjs.org/content-disposition 324ms (cache miss)
73 http fetch GET 200 https://registry.npmjs.org/merge-descriptors 309ms (cache miss)
74 http fetch GET 200 https://registry.npmjs.org/etag 317ms (cache miss)
75 http fetch GET 200 https://registry.npmjs.org/array-flatten 338ms (cache miss)
76 http fetch GET 200 https://registry.npmjs.org/encodeurl 328ms (cache miss)
77 http fetch GET 200 https://registry.npmjs.org/methods 320ms (cache miss)
78 http fetch GET 200 https://registry.npmjs.org/on-finished 323ms (cache miss)
79 http fetch GET 200 https://registry.npmjs.org/depd 335ms (cache miss)
80 http fetch GET 200 https://registry.npmjs.org/parseurl 322ms (cache miss)
81 http fetch GET 200 https://registry.npmjs.org/finalhandler 333ms (cache miss)
82 http fetch GET 200 https://registry.npmjs.org/range-parser 318ms (cache miss)
83 http fetch GET 200 https://registry.npmjs.org/http-errors 334ms (cache miss)
84 http fetch GET 200 https://registry.npmjs.org/cookie 349ms (cache miss)
85 http fetch GET 200 https://registry.npmjs.org/setprototypeof 318ms (cache miss)
86 http fetch GET 200 https://registry.npmjs.org/safe-buffer 323ms (cache miss)
87 http fetch GET 200 https://registry.npmjs.org/utils-merge 315ms (cache miss)
88 http fetch GET 200 https://registry.npmjs.org/statuses 318ms (cache miss)
89 http fetch GET 200 https://registry.npmjs.org/proxy-addr 331ms (cache miss)
90 http fetch GET 200 https://registry.npmjs.org/serve-static 323ms (cache miss)
91 http fetch GET 200 https://registry.npmjs.org/vary 319ms (cache miss)
92 http fetch GET 200 https://registry.npmjs.org/type-is 325ms (cache miss)
93 http fetch GET 200 https://registry.npmjs.org/send 332ms (cache miss)
94 http fetch GET 200 https://registry.npmjs.org/body-parser 368ms (cache miss)
95 http fetch GET 200 https://registry.npmjs.org/debug 363ms (cache miss)
96 http fetch GET 200 https://registry.npmjs.org/path-to-regexp 346ms (cache miss)
97 http fetch GET 200 https://registry.npmjs.org/qs 346ms (cache miss)
98 timing idealTree:#root Completed in 577ms
99 silly placeDep ROOT accepts@1.3.8 OK for: express@4.19.2 want: ~1.3.8
100 silly placeDep ROOT array-flatten@1.1.1 OK for: express@4.19.2 want: 1.1.1
101 silly placeDep ROOT body-parser@1.20.2 OK for: express@4.19.2 want: 1.20.2
102 silly placeDep ROOT content-disposition@0.5.4 OK for: express@4.19.2 want: 0.5.4
103 silly placeDep ROOT content-type@1.0.5 OK for: express@4.19.2 want: ~1.0.4
104 silly placeDep ROOT cookie@0.6.0 OK for: express@4.19.2 want: 0.6.0
105 silly placeDep ROOT cookie-signature@1.0.6 OK for: express@4.19.2 want: 1.0.6
106 silly placeDep ROOT debug@2.6.9 OK for: express@4.19.2 want: 2.6.9
107 silly placeDep ROOT depd@2.0.0 OK for: express@4.19.2 want: 2.0.0
108 silly placeDep ROOT encodeurl@1.0.2 OK for: express@4.19.2 want: ~1.0.2
109 silly placeDep ROOT escape-html@1.0.3 OK for: express@4.19.2 want: ~1.0.3
110 silly placeDep ROOT etag@1.8.1 OK for: express@4.19.2 want: ~1.8.1
111 silly placeDep ROOT finalhandler@1.2.0 OK for: express@4.19.2 want: 1.2.0
112 silly placeDep ROOT fresh@0.5.2 OK for: express@4.19.2 want: 0.5.2
113 silly placeDep ROOT http-errors@2.0.0 OK for: express@4.19.2 want: 2.0.0
114 silly placeDep ROOT merge-descriptors@1.0.1 OK for: express@4.19.2 want: 1.0.1
115 silly placeDep ROOT methods@1.1.2 OK for: express@4.19.2 want: ~1.1.2
116 silly placeDep ROOT on-finished@2.4.1 OK for: express@4.19.2 want: 2.4.1
117 silly placeDep ROOT parseurl@1.3.3 OK for: express@4.19.2 want: ~1.3.3
118 silly placeDep ROOT path-to-regexp@0.1.7 OK for: express@4.19.2 want: 0.1.7
119 silly placeDep ROOT proxy-addr@2.0.7 OK for: express@4.19.2 want: ~2.0.7
120 silly placeDep ROOT qs@6.11.0 OK for: express@4.19.2 want: 6.11.0
121 silly placeDep ROOT range-parser@1.2.1 OK for: express@4.19.2 want: ~1.2.1
122 silly placeDep ROOT safe-buffer@5.2.1 OK for: express@4.19.2 want: 5.2.1
123 silly placeDep ROOT send@0.18.0 OK for: express@4.19.2 want: 0.18.0
124 silly placeDep ROOT serve-static@1.15.0 OK for: express@4.19.2 want: 1.15.0
125 silly placeDep ROOT setprototypeof@1.2.0 OK for: express@4.19.2 want: 1.2.0
126 silly placeDep ROOT statuses@2.0.1 OK for: express@4.19.2 want: 2.0.1
127 silly placeDep ROOT type-is@1.6.18 OK for: express@4.19.2 want: ~1.6.18
128 silly placeDep ROOT utils-merge@1.0.1 OK for: express@4.19.2 want: 1.0.1
129 silly placeDep ROOT vary@1.1.2 OK for: express@4.19.2 want: ~1.1.2
130 silly fetch manifest mime-types@~2.1.34
131 silly fetch manifest negotiator@0.6.3
132 silly fetch manifest bytes@3.1.2
133 silly fetch manifest destroy@1.2.0
134 silly fetch manifest iconv-lite@0.4.24
135 silly fetch manifest raw-body@2.5.2
136 silly fetch manifest unpipe@1.0.0
137 silly fetch manifest ms@2.0.0
138 silly fetch manifest unpipe@~1.0.0
139 silly fetch manifest inherits@2.0.4
140 silly fetch manifest toidentifier@1.0.1
141 silly fetch manifest ee-first@1.1.1
142 silly fetch manifest forwarded@0.2.0
143 silly fetch manifest ipaddr.js@1.9.1
144 silly fetch manifest side-channel@^1.0.4
145 silly fetch manifest mime@1.6.0
146 silly fetch manifest ms@2.1.3
147 silly fetch manifest media-typer@0.3.0
148 silly fetch manifest mime-types@~2.1.24
149 http fetch GET 200 https://registry.npmjs.org/unpipe 139ms (cache miss)
150 http fetch GET 200 https://registry.npmjs.org/forwarded 135ms (cache miss)
151 http fetch GET 200 https://registry.npmjs.org/bytes 144ms (cache miss)
152 http fetch GET 200 https://registry.npmjs.org/ee-first 138ms (cache miss)
153 http fetch GET 200 https://registry.npmjs.org/inherits 141ms (cache miss)
154 http fetch GET 200 https://registry.npmjs.org/destroy 148ms (cache miss)
155 http fetch GET 200 https://registry.npmjs.org/negotiator 150ms (cache miss)
156 http fetch GET 200 https://registry.npmjs.org/toidentifier 142ms (cache miss)
157 http fetch GET 200 https://registry.npmjs.org/side-channel 140ms (cache miss)
158 http fetch GET 200 https://registry.npmjs.org/ipaddr.js 143ms (cache miss)
159 http fetch GET 200 https://registry.npmjs.org/ms 149ms (cache miss)
160 http fetch GET 200 https://registry.npmjs.org/media-typer 141ms (cache miss)
161 http fetch GET 200 https://registry.npmjs.org/raw-body 153ms (cache miss)
162 http fetch GET 200 https://registry.npmjs.org/iconv-lite 156ms (cache miss)
163 http fetch GET 200 https://registry.npmjs.org/mime-types 162ms (cache miss)
164 http fetch GET 200 https://registry.npmjs.org/mime 148ms (cache miss)
165 timing idealTree:node_modules/express Completed in 248ms
166 silly placeDep ROOT mime-types@2.1.35 OK for: accepts@1.3.8 want: ~2.1.34
167 silly placeDep ROOT negotiator@0.6.3 OK for: accepts@1.3.8 want: 0.6.3
168 silly fetch manifest mime-db@1.52.0
169 http fetch GET 200 https://registry.npmjs.org/mime-db 52ms (cache miss)
170 timing idealTree:node_modules/accepts Completed in 57ms
171 timing idealTree:node_modules/array-flatten Completed in 0ms
172 silly placeDep ROOT bytes@3.1.2 OK for: body-parser@1.20.2 want: 3.1.2
173 silly placeDep ROOT destroy@1.2.0 OK for: body-parser@1.20.2 want: 1.2.0
174 silly placeDep ROOT iconv-lite@0.4.24 OK for: body-parser@1.20.2 want: 0.4.24
175 silly placeDep ROOT raw-body@2.5.2 OK for: body-parser@1.20.2 want: 2.5.2
176 silly placeDep ROOT unpipe@1.0.0 OK for: body-parser@1.20.2 want: 1.0.0
177 silly fetch manifest safer-buffer@>= 2.1.2 < 3
178 http fetch GET 200 https://registry.npmjs.org/safer-buffer 62ms (cache miss)
179 timing idealTree:node_modules/body-parser Completed in 74ms
180 timing idealTree:node_modules/bytes Completed in 0ms
181 timing idealTree:node_modules/content-disposition Completed in 0ms
182 timing idealTree:node_modules/content-type Completed in 0ms
183 timing idealTree:node_modules/cookie Completed in 0ms
184 timing idealTree:node_modules/cookie-signature Completed in 0ms
185 silly placeDep ROOT ms@2.0.0 OK for: debug@2.6.9 want: 2.0.0
186 timing idealTree:node_modules/debug Completed in 5ms
187 timing idealTree:node_modules/depd Completed in 0ms
188 timing idealTree:node_modules/destroy Completed in 0ms
189 timing idealTree:node_modules/encodeurl Completed in 0ms
190 timing idealTree:node_modules/escape-html Completed in 0ms
191 timing idealTree:node_modules/etag Completed in 0ms
192 timing idealTree:node_modules/finalhandler Completed in 0ms
193 timing idealTree:node_modules/fresh Completed in 0ms
194 silly placeDep ROOT inherits@2.0.4 OK for: http-errors@2.0.0 want: 2.0.4
195 silly placeDep ROOT toidentifier@1.0.1 OK for: http-errors@2.0.0 want: 1.0.1
196 timing idealTree:node_modules/http-errors Completed in 2ms
197 silly placeDep ROOT safer-buffer@2.1.2 OK for: iconv-lite@0.4.24 want: >= 2.1.2 < 3
198 timing idealTree:node_modules/iconv-lite Completed in 1ms
199 timing idealTree:node_modules/inherits Completed in 0ms
200 timing idealTree:node_modules/merge-descriptors Completed in 0ms
201 timing idealTree:node_modules/methods Completed in 0ms
202 silly placeDep ROOT mime-db@1.52.0 OK for: mime-types@2.1.35 want: 1.52.0
203 timing idealTree:node_modules/mime-types Completed in 2ms
204 timing idealTree:node_modules/mime-db Completed in 0ms
205 timing idealTree:node_modules/ms Completed in 0ms
206 timing idealTree:node_modules/negotiator Completed in 0ms
207 silly placeDep ROOT ee-first@1.1.1 OK for: on-finished@2.4.1 want: 1.1.1
208 timing idealTree:node_modules/on-finished Completed in 1ms
209 timing idealTree:node_modules/ee-first Completed in 0ms
210 timing idealTree:node_modules/parseurl Completed in 0ms
211 timing idealTree:node_modules/path-to-regexp Completed in 0ms
212 silly placeDep ROOT forwarded@0.2.0 OK for: proxy-addr@2.0.7 want: 0.2.0
213 silly placeDep ROOT ipaddr.js@1.9.1 OK for: proxy-addr@2.0.7 want: 1.9.1
214 timing idealTree:node_modules/proxy-addr Completed in 2ms
215 timing idealTree:node_modules/forwarded Completed in 0ms
216 timing idealTree:node_modules/ipaddr.js Completed in 0ms
217 silly placeDep ROOT side-channel@1.0.6 OK for: qs@6.11.0 want: ^1.0.4
218 silly fetch manifest call-bind@^1.0.7
219 silly fetch manifest es-errors@^1.3.0
220 silly fetch manifest get-intrinsic@^1.2.4
221 silly fetch manifest object-inspect@^1.13.1
222 http fetch GET 200 https://registry.npmjs.org/es-errors 53ms (cache miss)
223 http fetch GET 200 https://registry.npmjs.org/call-bind 57ms (cache miss)
224 http fetch GET 200 https://registry.npmjs.org/get-intrinsic 56ms (cache miss)
225 http fetch GET 200 https://registry.npmjs.org/object-inspect 68ms (cache miss)
226 timing idealTree:node_modules/qs Completed in 74ms
227 timing idealTree:node_modules/range-parser Completed in 0ms
228 timing idealTree:node_modules/raw-body Completed in 0ms
229 timing idealTree:node_modules/safe-buffer Completed in 0ms
230 timing idealTree:node_modules/safer-buffer Completed in 0ms
231 silly placeDep ROOT mime@1.6.0 OK for: send@0.18.0 want: 1.6.0
232 silly placeDep node_modules/send ms@2.1.3 OK for: send@0.18.0 want: 2.1.3
233 timing idealTree:node_modules/send Completed in 5ms
234 timing idealTree:node_modules/mime Completed in 0ms
235 timing idealTree:node_modules/serve-static Completed in 0ms
236 timing idealTree:node_modules/setprototypeof Completed in 0ms
237 silly placeDep ROOT call-bind@1.0.7 OK for: side-channel@1.0.6 want: ^1.0.7
238 silly placeDep ROOT es-errors@1.3.0 OK for: side-channel@1.0.6 want: ^1.3.0
239 silly placeDep ROOT get-intrinsic@1.2.4 OK for: side-channel@1.0.6 want: ^1.2.4
240 silly placeDep ROOT object-inspect@1.13.1 OK for: side-channel@1.0.6 want: ^1.13.1
241 silly fetch manifest es-define-property@^1.0.0
242 silly fetch manifest function-bind@^1.1.2
243 silly fetch manifest set-function-length@^1.2.1
244 silly fetch manifest has-proto@^1.0.1
245 silly fetch manifest has-symbols@^1.0.3
246 silly fetch manifest hasown@^2.0.0
247 http fetch GET 200 https://registry.npmjs.org/function-bind 63ms (cache miss)
248 http fetch GET 200 https://registry.npmjs.org/es-define-property 65ms (cache miss)
249 http fetch GET 200 https://registry.npmjs.org/has-symbols 62ms (cache miss)
250 http fetch GET 200 https://registry.npmjs.org/hasown 61ms (cache miss)
251 http fetch GET 200 https://registry.npmjs.org/has-proto 64ms (cache miss)
252 http fetch GET 200 https://registry.npmjs.org/set-function-length 76ms (cache miss)
253 timing idealTree:node_modules/side-channel Completed in 87ms
254 silly placeDep ROOT es-define-property@1.0.0 OK for: call-bind@1.0.7 want: ^1.0.0
255 silly placeDep ROOT function-bind@1.1.2 OK for: call-bind@1.0.7 want: ^1.1.2
256 silly placeDep ROOT set-function-length@1.2.2 OK for: call-bind@1.0.7 want: ^1.2.1
257 silly fetch manifest define-data-property@^1.1.4
258 silly fetch manifest gopd@^1.0.1
259 silly fetch manifest has-property-descriptors@^1.0.2
260 http fetch GET 200 https://registry.npmjs.org/has-property-descriptors 46ms (cache miss)
261 http fetch GET 200 https://registry.npmjs.org/gopd 53ms (cache miss)
262 http fetch GET 200 https://registry.npmjs.org/define-data-property 74ms (cache miss)
263 timing idealTree:node_modules/call-bind Completed in 83ms
264 timing idealTree:node_modules/es-define-property Completed in 1ms
265 timing idealTree:node_modules/es-errors Completed in 0ms
266 timing idealTree:node_modules/function-bind Completed in 0ms
267 silly placeDep ROOT has-proto@1.0.3 OK for: get-intrinsic@1.2.4 want: ^1.0.1
268 silly placeDep ROOT has-symbols@1.0.3 OK for: get-intrinsic@1.2.4 want: ^1.0.3
269 silly placeDep ROOT hasown@2.0.2 OK for: get-intrinsic@1.2.4 want: ^2.0.0
270 timing idealTree:node_modules/get-intrinsic Completed in 6ms
271 timing idealTree:node_modules/has-proto Completed in 0ms
272 timing idealTree:node_modules/has-symbols Completed in 0ms
273 timing idealTree:node_modules/hasown Completed in 0ms
274 timing idealTree:node_modules/object-inspect Completed in 0ms
275 silly placeDep ROOT define-data-property@1.1.4 OK for: set-function-length@1.2.2 want: ^1.1.4
276 silly placeDep ROOT gopd@1.0.1 OK for: set-function-length@1.2.2 want: ^1.0.1
277 silly placeDep ROOT has-property-descriptors@1.0.2 OK for: set-function-length@1.2.2 want: ^1.0.2
278 timing idealTree:node_modules/set-function-length Completed in 5ms
279 timing idealTree:node_modules/define-data-property Completed in 0ms
280 timing idealTree:node_modules/gopd Completed in 0ms
281 timing idealTree:node_modules/has-property-descriptors Completed in 0ms
282 timing idealTree:node_modules/statuses Completed in 0ms
283 timing idealTree:node_modules/toidentifier Completed in 0ms
284 silly placeDep ROOT media-typer@0.3.0 OK for: type-is@1.6.18 want: 0.3.0
285 timing idealTree:node_modules/type-is Completed in 3ms
286 timing idealTree:node_modules/media-typer Completed in 1ms
287 timing idealTree:node_modules/unpipe Completed in 0ms
288 timing idealTree:node_modules/utils-merge Completed in 0ms
289 timing idealTree:node_modules/vary Completed in 0ms
290 timing idealTree:node_modules/send/node_modules/ms Completed in 0ms
291 timing idealTree:buildDeps Completed in 1246ms
292 timing idealTree:fixDepFlags Completed in 2ms
293 timing idealTree Completed in 1275ms
294 timing reify:loadTrees Completed in 1276ms
295 timing reify:diffTrees Completed in 2ms
296 silly reify moves {}
297 timing reify:retireShallow Completed in 0ms
298 timing reify:createSparse Completed in 33ms
299 timing reify:loadBundles Completed in 0ms
300 silly audit bulk request {
300 silly audit   express: [ '4.19.2' ],
300 silly audit   accepts: [ '1.3.8' ],
300 silly audit   'array-flatten': [ '1.1.1' ],
300 silly audit   'body-parser': [ '1.20.2' ],
300 silly audit   'content-disposition': [ '0.5.4' ],
300 silly audit   'content-type': [ '1.0.5' ],
300 silly audit   cookie: [ '0.6.0' ],
300 silly audit   'cookie-signature': [ '1.0.6' ],
300 silly audit   debug: [ '2.6.9' ],
300 silly audit   depd: [ '2.0.0' ],
300 silly audit   encodeurl: [ '1.0.2' ],
300 silly audit   'escape-html': [ '1.0.3' ],
300 silly audit   etag: [ '1.8.1' ],
300 silly audit   finalhandler: [ '1.2.0' ],
300 silly audit   fresh: [ '0.5.2' ],
300 silly audit   'http-errors': [ '2.0.0' ],
300 silly audit   'merge-descriptors': [ '1.0.1' ],
300 silly audit   methods: [ '1.1.2' ],
300 silly audit   'on-finished': [ '2.4.1' ],
300 silly audit   parseurl: [ '1.3.3' ],
300 silly audit   'path-to-regexp': [ '0.1.7' ],
300 silly audit   'proxy-addr': [ '2.0.7' ],
300 silly audit   qs: [ '6.11.0' ],
300 silly audit   'range-parser': [ '1.2.1' ],
300 silly audit   'safe-buffer': [ '5.2.1' ],
300 silly audit   send: [ '0.18.0' ],
300 silly audit   'serve-static': [ '1.15.0' ],
300 silly audit   setprototypeof: [ '1.2.0' ],
300 silly audit   statuses: [ '2.0.1' ],
300 silly audit   'type-is': [ '1.6.18' ],
300 silly audit   'utils-merge': [ '1.0.1' ],
300 silly audit   vary: [ '1.1.2' ],
300 silly audit   'mime-types': [ '2.1.35' ],
300 silly audit   negotiator: [ '0.6.3' ],
300 silly audit   bytes: [ '3.1.2' ],
300 silly audit   destroy: [ '1.2.0' ],
300 silly audit   'iconv-lite': [ '0.4.24' ],
300 silly audit   'raw-body': [ '2.5.2' ],
300 silly audit   unpipe: [ '1.0.0' ],
300 silly audit   ms: [ '2.0.0', '2.1.3' ],
300 silly audit   inherits: [ '2.0.4' ],
300 silly audit   toidentifier: [ '1.0.1' ],
300 silly audit   'safer-buffer': [ '2.1.2' ],
300 silly audit   'mime-db': [ '1.52.0' ],
300 silly audit   'ee-first': [ '1.1.1' ],
300 silly audit   forwarded: [ '0.2.0' ],
300 silly audit   'ipaddr.js': [ '1.9.1' ],
300 silly audit   'side-channel': [ '1.0.6' ],
300 silly audit   mime: [ '1.6.0' ],
300 silly audit   'call-bind': [ '1.0.7' ],
300 silly audit   'es-errors': [ '1.3.0' ],
300 silly audit   'get-intrinsic': [ '1.2.4' ],
300 silly audit   'object-inspect': [ '1.13.1' ],
300 silly audit   'es-define-property': [ '1.0.0' ],
300 silly audit   'function-bind': [ '1.1.2' ],
300 silly audit   'set-function-length': [ '1.2.2' ],
300 silly audit   'has-proto': [ '1.0.3' ],
300 silly audit   'has-symbols': [ '1.0.3' ],
300 silly audit   hasown: [ '2.0.2' ],
300 silly audit   'define-data-property': [ '1.1.4' ],
300 silly audit   gopd: [ '1.0.1' ],
300 silly audit   'has-property-descriptors': [ '1.0.2' ],
300 silly audit   'media-typer': [ '0.3.0' ]
300 silly audit }
301 silly tarball no local data for media-typer@https://registry.npmjs.org/media-typer/-/media-typer-0.3.0.tgz. Extracting by manifest.
302 silly tarball no local data for has-property-descriptors@https://registry.npmjs.org/has-property-descriptors/-/has-property-descriptors-1.0.2.tgz. Extracting by manifest.
303 silly tarball no local data for gopd@https://registry.npmjs.org/gopd/-/gopd-1.0.1.tgz. Extracting by manifest.
304 silly tarball no local data for has-symbols@https://registry.npmjs.org/has-symbols/-/has-symbols-1.0.3.tgz. Extracting by manifest.
305 silly tarball no local data for hasown@https://registry.npmjs.org/hasown/-/hasown-2.0.2.tgz. Extracting by manifest.
306 silly tarball no local data for has-proto@https://registry.npmjs.org/has-proto/-/has-proto-1.0.3.tgz. Extracting by manifest.
307 silly tarball no local data for set-function-length@https://registry.npmjs.org/set-function-length/-/set-function-length-1.2.2.tgz. Extracting by manifest.
308 silly tarball no local data for define-data-property@https://registry.npmjs.org/define-data-property/-/define-data-property-1.1.4.tgz. Extracting by manifest.
309 silly tarball no local data for function-bind@https://registry.npmjs.org/function-bind/-/function-bind-1.1.2.tgz. Extracting by manifest.
310 silly tarball no local data for es-define-property@https://registry.npmjs.org/es-define-property/-/es-define-property-1.0.0.tgz. Extracting by manifest.
311 silly tarball no local data for get-intrinsic@https://registry.npmjs.org/get-intrinsic/-/get-intrinsic-1.2.4.tgz. Extracting by manifest.
312 silly tarball no local data for object-inspect@https://registry.npmjs.org/object-inspect/-/object-inspect-1.13.1.tgz. Extracting by manifest.
313 silly tarball no local data for es-errors@https://registry.npmjs.org/es-errors/-/es-errors-1.3.0.tgz. Extracting by manifest.
314 silly tarball no local data for mime@https://registry.npmjs.org/mime/-/mime-1.6.0.tgz. Extracting by manifest.
315 silly tarball no local data for call-bind@https://registry.npmjs.org/call-bind/-/call-bind-1.0.7.tgz. Extracting by manifest.
316 silly tarball no local data for ipaddr.js@https://registry.npmjs.org/ipaddr.js/-/ipaddr.js-1.9.1.tgz. Extracting by manifest.
317 silly tarball no local data for forwarded@https://registry.npmjs.org/forwarded/-/forwarded-0.2.0.tgz. Extracting by manifest.
318 silly tarball no local data for side-channel@https://registry.npmjs.org/side-channel/-/side-channel-1.0.6.tgz. Extracting by manifest.
319 silly tarball no local data for ee-first@https://registry.npmjs.org/ee-first/-/ee-first-1.1.1.tgz. Extracting by manifest.
320 silly tarball no local data for mime-db@https://registry.npmjs.org/mime-db/-/mime-db-1.52.0.tgz. Extracting by manifest.
321 silly tarball no local data for safer-buffer@https://registry.npmjs.org/safer-buffer/-/safer-buffer-2.1.2.tgz. Extracting by manifest.
322 silly tarball no local data for toidentifier@https://registry.npmjs.org/toidentifier/-/toidentifier-1.0.1.tgz. Extracting by manifest.
323 silly tarball no local data for inherits@https://registry.npmjs.org/inherits/-/inherits-2.0.4.tgz. Extracting by manifest.
324 silly tarball no local data for ms@https://registry.npmjs.org/ms/-/ms-2.0.0.tgz. Extracting by manifest.
325 silly tarball no local data for unpipe@https://registry.npmjs.org/unpipe/-/unpipe-1.0.0.tgz. Extracting by manifest.
326 silly tarball no local data for iconv-lite@https://registry.npmjs.org/iconv-lite/-/iconv-lite-0.4.24.tgz. Extracting by manifest.
327 silly tarball no local data for raw-body@https://registry.npmjs.org/raw-body/-/raw-body-2.5.2.tgz. Extracting by manifest.
328 silly tarball no local data for destroy@https://registry.npmjs.org/destroy/-/destroy-1.2.0.tgz. Extracting by manifest.
329 silly tarball no local data for bytes@https://registry.npmjs.org/bytes/-/bytes-3.1.2.tgz. Extracting by manifest.
330 silly tarball no local data for negotiator@https://registry.npmjs.org/negotiator/-/negotiator-0.6.3.tgz. Extracting by manifest.
331 silly tarball no local data for vary@https://registry.npmjs.org/vary/-/vary-1.1.2.tgz. Extracting by manifest.
332 silly tarball no local data for utils-merge@https://registry.npmjs.org/utils-merge/-/utils-merge-1.0.1.tgz. Extracting by manifest.
333 silly tarball no local data for type-is@https://registry.npmjs.org/type-is/-/type-is-1.6.18.tgz. Extracting by manifest.
334 silly tarball no local data for statuses@https://registry.npmjs.org/statuses/-/statuses-2.0.1.tgz. Extracting by manifest.
335 silly tarball no local data for mime-types@https://registry.npmjs.org/mime-types/-/mime-types-2.1.35.tgz. Extracting by manifest.
336 silly tarball no local data for setprototypeof@https://registry.npmjs.org/setprototypeof/-/setprototypeof-1.2.0.tgz. Extracting by manifest.
337 silly tarball no local data for serve-static@https://registry.npmjs.org/serve-static/-/serve-static-1.15.0.tgz. Extracting by manifest.
338 silly tarball no local data for safe-buffer@https://registry.npmjs.org/safe-buffer/-/safe-buffer-5.2.1.tgz. Extracting by manifest.
339 silly tarball no local data for send@https://registry.npmjs.org/send/-/send-0.18.0.tgz. Extracting by manifest.
340 silly tarball no local data for range-parser@https://registry.npmjs.org/range-parser/-/range-parser-1.2.1.tgz. Extracting by manifest.
341 silly tarball no local data for qs@https://registry.npmjs.org/qs/-/qs-6.11.0.tgz. Extracting by manifest.
342 silly tarball no local data for proxy-addr@https://registry.npmjs.org/proxy-addr/-/proxy-addr-2.0.7.tgz. Extracting by manifest.
343 silly tarball no local data for parseurl@https://registry.npmjs.org/parseurl/-/parseurl-1.3.3.tgz. Extracting by manifest.
344 silly tarball no local data for path-to-regexp@https://registry.npmjs.org/path-to-regexp/-/path-to-regexp-0.1.7.tgz. Extracting by manifest.
345 silly tarball no local data for on-finished@https://registry.npmjs.org/on-finished/-/on-finished-2.4.1.tgz. Extracting by manifest.
346 silly tarball no local data for methods@https://registry.npmjs.org/methods/-/methods-1.1.2.tgz. Extracting by manifest.
347 silly tarball no local data for fresh@https://registry.npmjs.org/fresh/-/fresh-0.5.2.tgz. Extracting by manifest.
348 silly tarball no local data for http-errors@https://registry.npmjs.org/http-errors/-/http-errors-2.0.0.tgz. Extracting by manifest.
349 silly tarball no local data for merge-descriptors@https://registry.npmjs.org/merge-descriptors/-/merge-descriptors-1.0.1.tgz. Extracting by manifest.
350 silly tarball no local data for finalhandler@https://registry.npmjs.org/finalhandler/-/finalhandler-1.2.0.tgz. Extracting by manifest.
351 silly tarball no local data for etag@https://registry.npmjs.org/etag/-/etag-1.8.1.tgz. Extracting by manifest.
352 silly tarball no local data for escape-html@https://registry.npmjs.org/escape-html/-/escape-html-1.0.3.tgz. Extracting by manifest.
353 silly tarball no local data for depd@https://registry.npmjs.org/depd/-/depd-2.0.0.tgz. Extracting by manifest.
354 silly tarball no local data for encodeurl@https://registry.npmjs.org/encodeurl/-/encodeurl-1.0.2.tgz. Extracting by manifest.
355 silly tarball no local data for debug@https://registry.npmjs.org/debug/-/debug-2.6.9.tgz. Extracting by manifest.
356 silly tarball no local data for cookie-signature@https://registry.npmjs.org/cookie-signature/-/cookie-signature-1.0.6.tgz. Extracting by manifest.
357 silly tarball no local data for cookie@https://registry.npmjs.org/cookie/-/cookie-0.6.0.tgz. Extracting by manifest.
358 silly tarball no local data for content-type@https://registry.npmjs.org/content-type/-/content-type-1.0.5.tgz. Extracting by manifest.
359 silly tarball no local data for content-disposition@https://registry.npmjs.org/content-disposition/-/content-disposition-0.5.4.tgz. Extracting by manifest.
360 silly tarball no local data for body-parser@https://registry.npmjs.org/body-parser/-/body-parser-1.20.2.tgz. Extracting by manifest.
361 silly tarball no local data for accepts@https://registry.npmjs.org/accepts/-/accepts-1.3.8.tgz. Extracting by manifest.
362 silly tarball no local data for array-flatten@https://registry.npmjs.org/array-flatten/-/array-flatten-1.1.1.tgz. Extracting by manifest.
363 silly tarball no local data for express@https://registry.npmjs.org/express/-/express-4.19.2.tgz. Extracting by manifest.
364 silly tarball no local data for ms@https://registry.npmjs.org/ms/-/ms-2.1.3.tgz. Extracting by manifest.
365 http fetch POST 200 https://registry.npmjs.org/-/npm/v1/security/advisories/bulk 824ms
366 timing auditReport:getReport Completed in 829ms
367 silly audit report {}
368 timing auditReport:init Completed in 0ms
369 timing reify:audit Completed in 829ms
370 http fetch GET 200 https://registry.npmjs.org/utils-merge/-/utils-merge-1.0.1.tgz 735ms (cache miss)
371 timing reifyNode:node_modules/utils-merge Completed in 997ms
372 http fetch GET 200 https://registry.npmjs.org/forwarded/-/forwarded-0.2.0.tgz 852ms (cache miss)
373 timing reifyNode:node_modules/forwarded Completed in 1008ms
374 http fetch GET 200 https://registry.npmjs.org/ms/-/ms-2.0.0.tgz 827ms (cache miss)
375 timing reifyNode:node_modules/ms Completed in 1023ms
376 http fetch GET 200 https://registry.npmjs.org/setprototypeof/-/setprototypeof-1.2.0.tgz 743ms (cache miss)
377 timing reifyNode:node_modules/setprototypeof Completed in 1027ms
378 http fetch GET 200 https://registry.npmjs.org/vary/-/vary-1.1.2.tgz 781ms (cache miss)
379 timing reifyNode:node_modules/vary Completed in 1036ms
380 http fetch GET 200 https://registry.npmjs.org/methods/-/methods-1.1.2.tgz 675ms (cache miss)
381 timing reifyNode:node_modules/methods Completed in 1041ms
382 http fetch GET 200 https://registry.npmjs.org/ee-first/-/ee-first-1.1.1.tgz 884ms (cache miss)
383 timing reifyNode:node_modules/ee-first Completed in 1050ms
384 http fetch GET 200 https://registry.npmjs.org/cookie-signature/-/cookie-signature-1.0.6.tgz 598ms (cache miss)
385 timing reifyNode:node_modules/cookie-signature Completed in 1058ms
386 http fetch GET 200 https://registry.npmjs.org/path-to-regexp/-/path-to-regexp-0.1.7.tgz 715ms (cache miss)
387 timing reifyNode:node_modules/path-to-regexp Completed in 1065ms
388 http fetch GET 200 https://registry.npmjs.org/media-typer/-/media-typer-0.3.0.tgz 1018ms (cache miss)
389 timing reifyNode:node_modules/media-typer Completed in 1075ms
390 http fetch GET 200 https://registry.npmjs.org/mime-types/-/mime-types-2.1.35.tgz 799ms (cache miss)
391 timing reifyNode:node_modules/mime-types Completed in 1077ms
392 http fetch GET 200 https://registry.npmjs.org/safe-buffer/-/safe-buffer-5.2.1.tgz 785ms (cache miss)
393 timing reifyNode:node_modules/safe-buffer Completed in 1085ms
394 http fetch GET 200 https://registry.npmjs.org/destroy/-/destroy-1.2.0.tgz 870ms (cache miss)
395 timing reifyNode:node_modules/destroy Completed in 1090ms
396 http fetch GET 200 https://registry.npmjs.org/range-parser/-/range-parser-1.2.1.tgz 783ms (cache miss)
397 timing reifyNode:node_modules/range-parser Completed in 1095ms
398 http fetch GET 200 https://registry.npmjs.org/toidentifier/-/toidentifier-1.0.1.tgz 920ms (cache miss)
399 timing reifyNode:node_modules/toidentifier Completed in 1106ms
400 http fetch GET 200 https://registry.npmjs.org/merge-descriptors/-/merge-descriptors-1.0.1.tgz 696ms (cache miss)
401 timing reifyNode:node_modules/merge-descriptors Completed in 1110ms
402 http fetch GET 200 https://registry.npmjs.org/encodeurl/-/encodeurl-1.0.2.tgz 674ms (cache miss)
403 timing reifyNode:node_modules/encodeurl Completed in 1118ms
404 http fetch GET 200 https://registry.npmjs.org/escape-html/-/escape-html-1.0.3.tgz 686ms (cache miss)
405 timing reifyNode:node_modules/escape-html Completed in 1122ms
406 http fetch GET 200 https://registry.npmjs.org/inherits/-/inherits-2.0.4.tgz 940ms (cache miss)
407 timing reifyNode:node_modules/inherits Completed in 1131ms
408 http fetch GET 200 https://registry.npmjs.org/content-disposition/-/content-disposition-0.5.4.tgz 656ms (cache miss)
409 timing reifyNode:node_modules/content-disposition Completed in 1133ms
410 http fetch GET 200 https://registry.npmjs.org/array-flatten/-/array-flatten-1.1.1.tgz 651ms (cache miss)
411 timing reifyNode:node_modules/array-flatten Completed in 1142ms
412 http fetch GET 200 https://registry.npmjs.org/gopd/-/gopd-1.0.1.tgz 1079ms (cache miss)
413 timing reifyNode:node_modules/gopd Completed in 1151ms
414 http fetch GET 200 https://registry.npmjs.org/statuses/-/statuses-2.0.1.tgz 880ms (cache miss)
415 timing reifyNode:node_modules/statuses Completed in 1153ms
416 http fetch GET 200 https://registry.npmjs.org/parseurl/-/parseurl-1.3.3.tgz 814ms (cache miss)
417 timing reifyNode:node_modules/parseurl Completed in 1156ms
418 http fetch GET 200 https://registry.npmjs.org/serve-static/-/serve-static-1.15.0.tgz 871ms (cache miss)
419 timing reifyNode:node_modules/serve-static Completed in 1161ms
420 http fetch GET 200 https://registry.npmjs.org/on-finished/-/on-finished-2.4.1.tgz 810ms (cache miss)
421 timing reifyNode:node_modules/on-finished Completed in 1169ms
422 http fetch GET 200 https://registry.npmjs.org/fresh/-/fresh-0.5.2.tgz 776ms (cache miss)
423 timing reifyNode:node_modules/fresh Completed in 1172ms
424 http fetch GET 200 https://registry.npmjs.org/etag/-/etag-1.8.1.tgz 748ms (cache miss)
425 timing reifyNode:node_modules/etag Completed in 1179ms
426 http fetch GET 200 https://registry.npmjs.org/ms/-/ms-2.1.3.tgz 678ms (cache miss)
427 timing reifyNode:node_modules/send/node_modules/ms Completed in 1185ms
428 http fetch GET 200 https://registry.npmjs.org/bytes/-/bytes-3.1.2.tgz 974ms (cache miss)
429 timing reifyNode:node_modules/bytes Completed in 1198ms
430 http fetch GET 200 https://registry.npmjs.org/http-errors/-/http-errors-2.0.0.tgz 795ms (cache miss)
431 timing reifyNode:node_modules/http-errors Completed in 1202ms
432 http fetch GET 200 https://registry.npmjs.org/hasown/-/hasown-2.0.2.tgz 1152ms (cache miss)
433 timing reifyNode:node_modules/hasown Completed in 1232ms
434 http fetch GET 200 https://registry.npmjs.org/get-intrinsic/-/get-intrinsic-1.2.4.tgz 1122ms (cache miss)
435 timing reifyNode:node_modules/get-intrinsic Completed in 1237ms
436 http fetch GET 200 https://registry.npmjs.org/negotiator/-/negotiator-0.6.3.tgz 1001ms (cache miss)
437 timing reifyNode:node_modules/negotiator Completed in 1241ms
438 http fetch GET 200 https://registry.npmjs.org/unpipe/-/unpipe-1.0.0.tgz 1047ms (cache miss)
439 timing reifyNode:node_modules/unpipe Completed in 1247ms
440 http fetch GET 200 https://registry.npmjs.org/type-is/-/type-is-1.6.18.tgz 983ms (cache miss)
441 timing reifyNode:node_modules/type-is Completed in 1250ms
442 http fetch GET 200 https://registry.npmjs.org/finalhandler/-/finalhandler-1.2.0.tgz 828ms (cache miss)
443 timing reifyNode:node_modules/finalhandler Completed in 1254ms
444 http fetch GET 200 https://registry.npmjs.org/raw-body/-/raw-body-2.5.2.tgz 1049ms (cache miss)
445 timing reifyNode:node_modules/raw-body Completed in 1265ms
446 http fetch GET 200 https://registry.npmjs.org/has-property-descriptors/-/has-property-descriptors-1.0.2.tgz 1210ms (cache miss)
447 timing reifyNode:node_modules/has-property-descriptors Completed in 1272ms
448 http fetch GET 200 https://registry.npmjs.org/set-function-length/-/set-function-length-1.2.2.tgz 1190ms (cache miss)
449 timing reifyNode:node_modules/set-function-length Completed in 1279ms
450 http fetch GET 200 https://registry.npmjs.org/es-define-property/-/es-define-property-1.0.0.tgz 1173ms (cache miss)
451 timing reifyNode:node_modules/es-define-property Completed in 1283ms
452 http fetch GET 200 https://registry.npmjs.org/proxy-addr/-/proxy-addr-2.0.7.tgz 957ms (cache miss)
453 timing reifyNode:node_modules/proxy-addr Completed in 1289ms
454 http fetch GET 200 https://registry.npmjs.org/send/-/send-0.18.0.tgz 988ms (cache miss)
455 timing reifyNode:node_modules/send Completed in 1295ms
456 http fetch GET 200 https://registry.npmjs.org/has-proto/-/has-proto-1.0.3.tgz 1221ms (cache miss)
457 timing reifyNode:node_modules/has-proto Completed in 1306ms
458 http fetch GET 200 https://registry.npmjs.org/call-bind/-/call-bind-1.0.7.tgz 1168ms (cache miss)
459 timing reifyNode:node_modules/call-bind Completed in 1311ms
460 http fetch GET 200 https://registry.npmjs.org/ipaddr.js/-/ipaddr.js-1.9.1.tgz 1167ms (cache miss)
461 timing reifyNode:node_modules/ipaddr.js Completed in 1313ms
462 http fetch GET 200 https://registry.npmjs.org/depd/-/depd-2.0.0.tgz 877ms (cache miss)
463 timing reifyNode:node_modules/depd Completed in 1318ms
464 http fetch GET 200 https://registry.npmjs.org/cookie/-/cookie-0.6.0.tgz 861ms (cache miss)
465 timing reifyNode:node_modules/cookie Completed in 1325ms
466 http fetch GET 200 https://registry.npmjs.org/accepts/-/accepts-1.3.8.tgz 845ms (cache miss)
467 timing reifyNode:node_modules/accepts Completed in 1332ms
468 http fetch GET 200 https://registry.npmjs.org/content-type/-/content-type-1.0.5.tgz 866ms (cache miss)
469 timing reifyNode:node_modules/content-type Completed in 1336ms
470 http fetch GET 200 https://registry.npmjs.org/define-data-property/-/define-data-property-1.1.4.tgz 1255ms (cache miss)
471 timing reifyNode:node_modules/define-data-property Completed in 1348ms
472 http fetch GET 200 https://registry.npmjs.org/mime/-/mime-1.6.0.tgz 1218ms (cache miss)
473 timing reifyNode:node_modules/mime Completed in 1353ms
474 http fetch GET 200 https://registry.npmjs.org/safer-buffer/-/safer-buffer-2.1.2.tgz 1175ms (cache miss)
475 timing reifyNode:node_modules/safer-buffer Completed in 1357ms
476 http fetch GET 200 https://registry.npmjs.org/function-bind/-/function-bind-1.1.2.tgz 1257ms (cache miss)
477 timing reifyNode:node_modules/function-bind Completed in 1363ms
478 http fetch GET 200 https://registry.npmjs.org/side-channel/-/side-channel-1.0.6.tgz 1205ms (cache miss)
479 timing reifyNode:node_modules/side-channel Completed in 1366ms
480 http fetch GET 200 https://registry.npmjs.org/has-symbols/-/has-symbols-1.0.3.tgz 1297ms (cache miss)
481 timing reifyNode:node_modules/has-symbols Completed in 1372ms
482 http fetch GET 200 https://registry.npmjs.org/es-errors/-/es-errors-1.3.0.tgz 1253ms (cache miss)
483 timing reifyNode:node_modules/es-errors Completed in 1385ms
484 http fetch GET 200 https://registry.npmjs.org/mime-db/-/mime-db-1.52.0.tgz 1220ms (cache miss)
485 timing reifyNode:node_modules/mime-db Completed in 1391ms
486 http fetch GET 200 https://registry.npmjs.org/debug/-/debug-2.6.9.tgz 942ms (cache miss)
487 timing reifyNode:node_modules/debug Completed in 1397ms
488 http fetch GET 200 https://registry.npmjs.org/body-parser/-/body-parser-1.20.2.tgz 929ms (cache miss)
489 timing reifyNode:node_modules/body-parser Completed in 1412ms
490 http fetch GET 200 https://registry.npmjs.org/express/-/express-4.19.2.tgz 935ms (cache miss)
491 timing reifyNode:node_modules/express Completed in 1431ms
492 http fetch GET 200 https://registry.npmjs.org/qs/-/qs-6.11.0.tgz 1113ms (cache miss)
493 timing reifyNode:node_modules/qs Completed in 1436ms
494 http fetch GET 200 https://registry.npmjs.org/object-inspect/-/object-inspect-1.13.1.tgz 1317ms (cache miss)
495 timing reifyNode:node_modules/object-inspect Completed in 1444ms
496 http fetch GET 200 https://registry.npmjs.org/iconv-lite/-/iconv-lite-0.4.24.tgz 1236ms (cache miss)
497 timing reifyNode:node_modules/iconv-lite Completed in 1448ms
498 timing reify:unpack Completed in 1450ms
499 timing reify:unretire Completed in 0ms
500 timing build:queue Completed in 4ms
501 timing build:link:node_modules/mime Completed in 4ms
502 timing build:link Completed in 4ms
503 timing build:deps Completed in 10ms
504 timing build Completed in 10ms
505 timing reify:build Completed in 11ms
506 timing reify:trash Completed in 0ms
507 timing reify:save Completed in 40ms
508 timing reify Completed in 2860ms
509 silly ADD node_modules/media-typer
510 silly ADD node_modules/has-property-descriptors
511 silly ADD node_modules/gopd
512 silly ADD node_modules/define-data-property
513 silly ADD node_modules/hasown
514 silly ADD node_modules/has-symbols
515 silly ADD node_modules/has-proto
516 silly ADD node_modules/set-function-length
517 silly ADD node_modules/function-bind
518 silly ADD node_modules/es-define-property
519 silly ADD node_modules/object-inspect
520 silly ADD node_modules/get-intrinsic
521 silly ADD node_modules/es-errors
522 silly ADD node_modules/call-bind
523 silly ADD node_modules/mime
524 silly ADD node_modules/side-channel
525 silly ADD node_modules/ipaddr.js
526 silly ADD node_modules/forwarded
527 silly ADD node_modules/ee-first
528 silly ADD node_modules/mime-db
529 silly ADD node_modules/safer-buffer
530 silly ADD node_modules/toidentifier
531 silly ADD node_modules/inherits
532 silly ADD node_modules/ms
533 silly ADD node_modules/unpipe
534 silly ADD node_modules/raw-body
535 silly ADD node_modules/iconv-lite
536 silly ADD node_modules/destroy
537 silly ADD node_modules/bytes
538 silly ADD node_modules/negotiator
539 silly ADD node_modules/mime-types
540 silly ADD node_modules/vary
541 silly ADD node_modules/utils-merge
542 silly ADD node_modules/type-is
543 silly ADD node_modules/statuses
544 silly ADD node_modules/setprototypeof
545 silly ADD node_modules/serve-static
546 silly ADD node_modules/send
547 silly ADD node_modules/send/node_modules/ms
548 silly ADD node_modules/safe-buffer
549 silly ADD node_modules/range-parser
550 silly ADD node_modules/qs
551 silly ADD node_modules/proxy-addr
552 silly ADD node_modules/path-to-regexp
553 silly ADD node_modules/parseurl
554 silly ADD node_modules/on-finished
555 silly ADD node_modules/methods
556 silly ADD node_modules/merge-descriptors
557 silly ADD node_modules/http-errors
558 silly ADD node_modules/fresh
559 silly ADD node_modules/finalhandler
560 silly ADD node_modules/etag
561 silly ADD node_modules/escape-html
562 silly ADD node_modules/encodeurl
563 silly ADD node_modules/depd
564 silly ADD node_modules/debug
565 silly ADD node_modules/cookie-signature
566 silly ADD node_modules/cookie
567 silly ADD node_modules/content-type
568 silly ADD node_modules/content-disposition
569 silly ADD node_modules/body-parser
570 silly ADD node_modules/array-flatten
571 silly ADD node_modules/accepts
572 silly ADD node_modules/express
573 timing command:install Completed in 2872ms
574 verbose exit 0
575 timing npm Completed in 3158ms
576 info ok
