2024-05-07 21:43:14.135 [info] Extension host with pid 33337 started
2024-05-07 21:43:14.146 [info] Lock '/root/.local/share/code-server/User/workspaceStorage/-43308904/vscode.lock': Lock acquired.
2024-05-07 21:43:14.249 [info] ExtensionService#_doActivateExtension vscode.git-base, startup: true, activationEvent: '*', root cause: vscode.git
2024-05-07 21:43:14.258 [info] ExtensionService#_doActivateExtension vscode.npm, startup: true, activationEvent: 'workspaceContains:package.json'
2024-05-07 21:43:14.353 [info] ExtensionService#_doActivateExtension vscode.git, startup: true, activationEvent: '*'
2024-05-07 21:43:14.353 [info] ExtensionService#_doActivateExtension vscode.github, startup: true, activationEvent: '*'
2024-05-07 21:43:24.254 [info] ExtensionService#_doActivateExtension vscode.debug-auto-launch, startup: false, activationEvent: 'onStartupFinished'
2024-05-07 21:43:24.255 [info] ExtensionService#_doActivateExtension vscode.merge-conflict, startup: false, activationEvent: 'onStartupFinished'
2024-05-07 21:48:23.574 [info] Extension host terminating: renderer disconnected for too long (2)
2024-05-07 21:48:23.576 [info] Lock '/root/.local/share/code-server/User/workspaceStorage/-43308904/vscode.lock': Marking the lockfile as scheduled to be released in 6000 ms.
2024-05-07 21:48:23.584 [error] Canceled: Canceled
	at Object.P [as $6] (/usr/lib/code-server/lib/vscode/out/vs/workbench/api/node/extensionHostProcess.js:10:967)
	at /usr/lib/code-server/lib/vscode/out/vs/workbench/api/node/extensionHostProcess.js:149:2304
	at Array.forEach (<anonymous>)
	at u.dispose (/usr/lib/code-server/lib/vscode/out/vs/workbench/api/node/extensionHostProcess.js:149:2242)
	at i.terminate (/usr/lib/code-server/lib/vscode/out/vs/workbench/api/node/extensionHostProcess.js:158:8798)
	at c.terminate (/usr/lib/code-server/lib/vscode/out/vs/workbench/api/node/extensionHostProcess.js:162:1513)
	at f (/usr/lib/code-server/lib/vscode/out/vs/workbench/api/node/extensionHostProcess.js:175:9924)
	at T.a (/usr/lib/code-server/lib/vscode/out/vs/workbench/api/node/extensionHostProcess.js:175:6716)
	at T.h (/usr/lib/code-server/lib/vscode/out/vs/workbench/api/node/extensionHostProcess.js:86:20667)
	at listOnTimeout (node:internal/timers:569:17)
	at process.processTimers (node:internal/timers:512:7) setContext undefined
2024-05-07 21:48:23.584 [info] Extension host with pid 33337 exiting with code 0
